{
  "stats": {
    "suites": 0,
    "tests": 1,
    "passes": 1,
    "pending": 0,
    "failures": 0,
    "start": "2022-10-07T10:43:59.118Z",
    "end": "2022-10-07T10:45:11.530Z",
    "duration": 72412,
    "testsRegistered": 1,
    "passPercent": 100,
    "pendingPercent": 0,
    "other": 0,
    "hasOther": false,
    "skipped": 0,
    "hasSkipped": false
  },
  "results": [
    {
      "uuid": "d1c4fa1b-3b13-4946-9857-b79a1554f2a3",
      "title": "",
      "fullFile": "cypress/integration/RegressionTest.js",
      "file": "cypress/integration/RegressionTest.js",
      "beforeHooks": [],
      "afterHooks": [],
      "tests": [
        {
          "title": "verify user can log in successfully to Quales management app",
          "fullTitle": "verify user can log in successfully to Quales management app",
          "timedOut": null,
          "duration": 64651,
          "state": "passed",
          "speed": "slow",
          "pass": true,
          "fail": false,
          "pending": false,
          "context": null,
          "code": "cy.visit(\"http://tawdry-rule.surge.sh\"); // spied on sign in button\ncy.get('.css-48p1y4 > .MuiButton-root') //click sign in\n.click(); // spy on email field\ncy.get('[data-testid=EmailAddress]') // type in the email\n.type(\"ay@mail.com\"); // spy on the password field\ncy.get('[data-testid=Password]') //type in password\n.type(\"pass1234\"); //spy the login button\ncy.get('.MuiButton-contained') // click log in\n.click(); // write an assertion that the name Ayobmi is visible\n//spy on Ayobami\ncy.contains('Ayobami').should(\"be.visible\"); // spy on add course button\ncy.get('.MuiGrid-root > .MuiButton-root') //click the add course button\n.click();\ncy.get('[data-testid=\"Title*\"]');",
          "err": {},
          "uuid": "9531e9d0-1919-4094-b2fb-94f5c7888aa7",
          "parentUUID": "d1c4fa1b-3b13-4946-9857-b79a1554f2a3",
          "isHook": false,
          "skipped": false
        }
      ],
      "suites": [],
      "passes": [
        "9531e9d0-1919-4094-b2fb-94f5c7888aa7"
      ],
      "failures": [],
      "pending": [],
      "skipped": [],
      "duration": 64651,
      "root": true,
      "rootEmpty": false,
      "_timeout": 2000
    }
  ],
  "meta": {
    "mocha": {
      "version": "7.0.1"
    },
    "mochawesome": {
      "options": {
        "quiet": false,
        "reportFilename": "mochawesome",
        "saveHtml": true,
        "saveJson": true,
        "consoleReporter": "spec",
        "useInlineDiffs": false,
        "code": true
      },
      "version": "6.2.2"
    },
    "marge": {
      "options": null,
      "version": "5.2.0"
    }
  }
}